<?xml version="1.0" encoding="UTF-8"?>
<!-- Generated by org.testng.reporters.JUnitReportReporter -->
<testsuite skipped="0" hostname="AzizullahComputer" name="testcases.AddEmployeeTest" tests="1" failures="0" timestamp="2021-05-30T12:30:49 EDT" time="31.335" errors="0">
  <testcase name="addMultipleEmployee" time="31.335" classname="testcases.AddEmployeeTest"/>
  <system-out/>
</testsuite> <!-- testcases.AddEmployeeTest -->
